<?xml version="1.0" encoding="UTF-8"?>
<testng-results ignored="0" total="0" passed="0" failed="0" skipped="0">
  <reporter-output>
  </reporter-output>
  <suite started-at="2024-11-26T21:47:39 IST" name="Suite" finished-at="2024-11-26T21:47:39 IST" duration-ms="20">
    <groups>
    </groups>
    <test started-at="2024-11-26T21:47:39 IST" name="parallelExecution" finished-at="2024-11-26T21:47:39 IST" duration-ms="20">
    </test> <!-- parallelExecution -->
  </suite> <!-- Suite -->
</testng-results>
